2025-07-23 11:07:13.935820 - URL https://studentportal.gu.se/program/datavetenskapligt-program is not a PDF (Content-Type: text/html; charset=utf-8)
2025-07-23 11:07:18.176290 - URL https://studentportal.gu.se/program/datavetenskapligt-program is not a PDF (Content-Type: text/html; charset=utf-8)
2025-07-23 11:07:24.606141 - URL https://studentportal.gu.se/program/datavetenskapligt-program is not a PDF (Content-Type: text/html; charset=utf-8)
2025-07-23 11:07:53.583246 - URL https://studentportal.gu.se/program/datavetenskapligt-program is not a PDF (Content-Type: text/html; charset=utf-8)
2025-07-23 11:08:19.790186 - Failed to extract text from PDF https://kursplaner.gu.se/pdf/kurs/sv/MMGD00.pdf: DocumentConverter.__init__() got an unexpected keyword argument 'ocr'
2025-07-23 11:29:50.891497 - Docling failed for https://kursplaner.gu.se/pdf/kurs/sv/MMGD00.pdf: DocumentConverter.__init__() got an unexpected keyword argument 'ocr'
Traceback (most recent call last):
  File "C:\Users\power\OneDrive\Skrivbord\text2jsonl\utils.py", line 224, in fetch_pdf_text
    converter = DocumentConverter(ocr=True)
                ^^^^^^^^^^^^^^^^^^^^^^^^^^^
TypeError: DocumentConverter.__init__() got an unexpected keyword argument 'ocr'

2025-07-23 11:30:22.277075 - URL https://studentportal.gu.se/program/datavetenskapligt-program is not a PDF (Content-Type: text/html; charset=utf-8)
2025-07-23 11:30:31.894015 - URL https://studentportal.gu.se/program/datavetenskapligt-program is not a PDF (Content-Type: text/html; charset=utf-8)
2025-07-23 11:30:38.389574 - URL https://studentportal.gu.se/program/datavetenskapligt-program is not a PDF (Content-Type: text/html; charset=utf-8)
2025-07-23 11:32:53.992804 - URL https://studentportal.gu.se/program/datavetenskapligt-program is not a PDF (Content-Type: text/html; charset=utf-8)
2025-07-23 11:33:00.493761 - URL https://studentportal.gu.se/program/datavetenskapligt-program is not a PDF (Content-Type: text/html; charset=utf-8)
2025-07-23 11:33:07.045775 - URL https://studentportal.gu.se/program/datavetenskapligt-program is not a PDF (Content-Type: text/html; charset=utf-8)
2025-07-23 11:37:08.250079 - URL https://studentportal.gu.se/program/datavetenskapligt-program is not a PDF (Content-Type: text/html; charset=utf-8)
2025-07-23 11:37:15.929964 - URL https://studentportal.gu.se/program/datavetenskapligt-program is not a PDF (Content-Type: text/html; charset=utf-8)
2025-07-23 11:37:22.267009 - URL https://studentportal.gu.se/program/datavetenskapligt-program is not a PDF (Content-Type: text/html; charset=utf-8)
2025-07-23 11:42:53.721631 - URL https://kursplaner.gu.se/pdf/kurs/sv/MMGD00.pdf¨ is not a PDF (Content-Type: text/html)
2025-07-23 11:51:59.365498 - URL https://studentportal.gu.se/program/datavetenskapligt-program is not a PDF (Content-Type: text/html; charset=utf-8)
2025-07-23 11:52:05.709372 - URL https://studentportal.gu.se/program/datavetenskapligt-program is not a PDF (Content-Type: text/html; charset=utf-8)
2025-07-23 11:52:12.134482 - URL https://studentportal.gu.se/program/datavetenskapligt-program is not a PDF (Content-Type: text/html; charset=utf-8)
2025-07-23 12:35:47.474070 - URL https://studentportal.gu.se/program/datavetenskapligt-program is not a PDF (Content-Type: text/html; charset=utf-8)
2025-07-23 12:35:57.888567 - URL https://studentportal.gu.se/program/datavetenskapligt-program is not a PDF (Content-Type: text/html; charset=utf-8)
2025-07-23 12:36:05.629757 - URL https://studentportal.gu.se/program/datavetenskapligt-program is not a PDF (Content-Type: text/html; charset=utf-8)
2025-07-23 12:39:20.657371 - URL https://studentportal.gu.se/program/datavetenskapligt-program is not a PDF (Content-Type: text/html; charset=utf-8)
2025-07-23 12:39:25.399613 - URL https://studentportal.gu.se/program/datavetenskapligt-program is not a PDF (Content-Type: text/html; charset=utf-8)
2025-07-23 12:39:33.874824 - URL https://studentportal.gu.se/program/datavetenskapligt-program is not a PDF (Content-Type: text/html; charset=utf-8)
2025-07-23 12:40:51.254778 - URL https://studentportal.gu.se/program/datavetenskapligt-program is not a PDF (Content-Type: text/html; charset=utf-8)
2025-07-23 12:40:56.479928 - URL https://studentportal.gu.se/program/datavetenskapligt-program is not a PDF (Content-Type: text/html; charset=utf-8)
2025-07-23 12:41:03.922293 - URL https://studentportal.gu.se/program/datavetenskapligt-program is not a PDF (Content-Type: text/html; charset=utf-8)
2025-07-23 14:49:39.591622 - URL https://www.gu.se/en/study-gothenburg/software-engineering-and-management-bachelors-programme-n1sof is not a PDF (Content-Type: text/html; charset=utf-8)
2025-07-23 14:49:55.768045 - URL https://studentportal.gu.se/en/programme/software-engineering-and-management-bachelors-programme is not a PDF (Content-Type: text/html; charset=utf-8)
2025-07-23 14:50:11.337211 - URL https://www.gu.se/en/study-gothenburg/n1sof-curriculum is not a PDF (Content-Type: text/html; charset=utf-8)
2025-07-23 14:50:26.752067 - URL https://www.gu.se/en/study-gothenburg/discrete-mathematics-dit008/syllabus/893dbcf1-2d46-11ef-a2a0-4c1db4504bb5 is not a PDF (Content-Type: text/html; charset=utf-8)
2025-07-23 14:50:42.405814 - URL https://www.gu.se/en/study-gothenburg/fundamentals-of-programming-dit009/syllabus/6da1308c-2d48-11ef-a2a0-4c1db4504bb5 is not a PDF (Content-Type: text/html; charset=utf-8)
2025-07-23 14:50:58.447557 - URL https://www.gu.se/en/study-gothenburg/object-oriented-programming-dit044/syllabus/fbe8c8d8-2d38-11ef-a2a0-4c1db4504bb5 is not a PDF (Content-Type: text/html; charset=utf-8)
2025-07-23 14:51:15.261108 - URL https://www.gu.se/en/study-gothenburg/project-agile-software-project-management-dit099/syllabus/f9a45222-2d3f-11ef-a2a0-4c1db4504bb5 is not a PDF (Content-Type: text/html; charset=utf-8)
2025-07-23 14:51:30.771840 - URL https://www.gu.se/en/study-gothenburg/data-management-dit034/syllabus/89ef0bbb-32ec-11ef-8651-fc591a704454 is not a PDF (Content-Type: text/html; charset=utf-8)
2025-07-23 14:51:46.836102 - URL https://www.gu.se/en/study-gothenburg/requirements-engineering-dit047/syllabus/d5ee2900-2d3b-11ef-a2a0-4c1db4504bb5 is not a PDF (Content-Type: text/html; charset=utf-8)
2025-07-23 14:52:02.307105 - URL https://www.gu.se/en/study-gothenburg/data-structures-and-algorithms-dit183/syllabus/38be4757-3465-11ef-bb41-309f1a6d4861 is not a PDF (Content-Type: text/html; charset=utf-8)
2025-07-23 14:52:17.864356 - URL https://www.gu.se/en/study-gothenburg/project-systems-development-dit114/syllabus/6c4d7919-2d43-11ef-a2a0-4c1db4504bb5 is not a PDF (Content-Type: text/html; charset=utf-8)
2025-07-23 14:52:33.844719 - URL https://www.gu.se/en/study-gothenburg/fundamentals-of-software-architecture-dit349/syllabus/468ac62d-bc50-11ef-9553-beecfac44351 is not a PDF (Content-Type: text/html; charset=utf-8)
2025-07-23 14:52:49.615929 - URL https://www.gu.se/en/study-gothenburg/distributed-systems-dit357/syllabus/988d1a60-bc59-11ef-9553-beecfac44351 is not a PDF (Content-Type: text/html; charset=utf-8)
2025-07-23 14:53:05.947234 - URL https://www.gu.se/en/study-gothenburg/human-computer-interaction-dit096/syllabus/bf9210a6-bbb5-11ef-9553-beecfac44351 is not a PDF (Content-Type: text/html; charset=utf-8)
2025-07-23 14:53:21.200958 - URL https://www.gu.se/en/study-gothenburg/project-web-engineering-dit343/syllabus/7492dee8-bbbd-11ef-9553-beecfac44351 is not a PDF (Content-Type: text/html; charset=utf-8)
2025-07-23 14:53:37.152322 - URL https://www.gu.se/en/study-gothenburg/development-of-embedded-and-real-time-systems-dit633/syllabus/c405445e-bc5b-11ef-9553-beecfac44351 is not a PDF (Content-Type: text/html; charset=utf-8)
2025-07-23 14:53:53.905254 - URL https://www.gu.se/en/study-gothenburg/software-quality-and-testing-dit636/syllabus/997579ab-bd0a-11ef-af97-313f01b84cd1 is not a PDF (Content-Type: text/html; charset=utf-8)
2025-07-23 14:54:10.112922 - URL https://www.gu.se/en/study-gothenburg/project-data-driven-software-engineering-for-cyber-physical-systems-dit637/syllabus/1b327acd-bd24-11ef-af97-313f01b84cd1 is not a PDF (Content-Type: text/html; charset=utf-8)
2025-07-23 14:54:26.634202 - URL https://www.gu.se/en/study-gothenburg/advanced-programming-dit118/syllabus/57c4decd-bb8c-11ef-9553-beecfac44351 is not a PDF (Content-Type: text/html; charset=utf-8)
2025-07-23 14:54:42.690291 - URL https://www.gu.se/en/study-gothenburg/bachelor-thesis-in-software-engineering-and-management-dit837/syllabus/c183ebcd-2d4b-11ef-a2a0-4c1db4504bb5 is not a PDF (Content-Type: text/html; charset=utf-8)
2025-07-23 15:02:27.334796 - URL https://www.gu.se/en/study-gothenburg/software-engineering-and-management-bachelors-programme-n1sof is not a PDF (Content-Type: text/html; charset=utf-8)
2025-07-23 15:02:31.270672 - URL https://www.gu.se/en/study-gothenburg/software-engineering-and-management-bachelors-programme-n1sof is not a PDF (Content-Type: text/html; charset=utf-8)
2025-07-23 15:02:39.055369 - URL https://www.gu.se/en/study-gothenburg/software-engineering-and-management-bachelors-programme-n1sof is not a PDF (Content-Type: text/html; charset=utf-8)
2025-07-23 15:14:26.397530 - URL https://studentportal.gu.se/en/programme/software-engineering-and-management-bachelors-programme is not a PDF (Content-Type: text/html; charset=utf-8)
2025-07-23 15:14:27.787791 - URL https://studentportal.gu.se/en/programme/software-engineering-and-management-bachelors-programme is not a PDF (Content-Type: text/html; charset=utf-8)
2025-07-23 15:14:34.637695 - URL https://studentportal.gu.se/en/programme/software-engineering-and-management-bachelors-programme is not a PDF (Content-Type: text/html; charset=utf-8)
2025-07-23 15:16:48.722699 - URL https://www.gu.se/en/study-gothenburg/software-engineering-and-management-bachelors-programme-n1sof is not a PDF (Content-Type: text/html; charset=utf-8)
2025-07-23 15:16:50.422231 - URL https://www.gu.se/en/study-gothenburg/software-engineering-and-management-bachelors-programme-n1sof is not a PDF (Content-Type: text/html; charset=utf-8)
2025-07-23 15:16:56.956819 - URL https://www.gu.se/en/study-gothenburg/software-engineering-and-management-bachelors-programme-n1sof is not a PDF (Content-Type: text/html; charset=utf-8)
2025-07-23 16:05:15.847711 - URL https://www.gu.se/en/study-gothenburg/software-engineering-and-management-bachelors-programme-n1sof is not a PDF (Content-Type: text/html; charset=utf-8)
2025-07-23 16:05:17.004435 - URL https://www.gu.se/en/study-gothenburg/software-engineering-and-management-bachelors-programme-n1sof is not a PDF (Content-Type: text/html; charset=utf-8)
2025-07-23 16:05:24.986158 - URL https://www.gu.se/en/study-gothenburg/software-engineering-and-management-bachelors-programme-n1sof is not a PDF (Content-Type: text/html; charset=utf-8)
2025-07-23 16:07:39.021843 - URL https://www.gu.se/en/study-gothenburg/software-engineering-and-management-bachelors-programme-n1sof is not a PDF (Content-Type: text/html; charset=utf-8)
2025-07-23 16:07:40.276162 - URL https://www.gu.se/en/study-gothenburg/software-engineering-and-management-bachelors-programme-n1sof is not a PDF (Content-Type: text/html; charset=utf-8)
2025-07-23 16:07:47.010460 - URL https://www.gu.se/en/study-gothenburg/software-engineering-and-management-bachelors-programme-n1sof is not a PDF (Content-Type: text/html; charset=utf-8)
2025-07-23 16:10:35.035001 - URL https://www.gu.se/en/study-gothenburg/software-engineering-and-management-bachelors-programme-n1sof is not a PDF (Content-Type: text/html; charset=utf-8)
2025-07-23 16:10:36.049910 - URL https://www.gu.se/en/study-gothenburg/software-engineering-and-management-bachelors-programme-n1sof is not a PDF (Content-Type: text/html; charset=utf-8)
2025-07-23 16:10:42.889184 - URL https://www.gu.se/en/study-gothenburg/software-engineering-and-management-bachelors-programme-n1sof is not a PDF (Content-Type: text/html; charset=utf-8)
2025-07-23 16:12:38.623786 - URL https://studentportal.gu.se/en/programme/software-engineering-and-management-bachelors-programme is not a PDF (Content-Type: text/html; charset=utf-8)
2025-07-23 16:13:03.678333 - URL https://studentportal.gu.se/en/programme/software-engineering-and-management-bachelors-programme is not a PDF (Content-Type: text/html; charset=utf-8)
2025-07-23 16:13:04.857549 - URL https://studentportal.gu.se/en/programme/software-engineering-and-management-bachelors-programme is not a PDF (Content-Type: text/html; charset=utf-8)
2025-07-23 16:13:11.833292 - URL https://studentportal.gu.se/en/programme/software-engineering-and-management-bachelors-programme is not a PDF (Content-Type: text/html; charset=utf-8)
2025-07-23 16:14:10.583716 - URL https://studentportal.gu.se/en/programme/software-engineering-and-management-bachelors-programme is not a PDF (Content-Type: text/html; charset=utf-8)
2025-07-23 16:14:17.596778 - URL https://studentportal.gu.se/en/programme/software-engineering-and-management-bachelors-programme is not a PDF (Content-Type: text/html; charset=utf-8)
2025-07-23 16:21:39.513662 - URL "https://www.gu.se/sites/default/files/2023-09/GU2023-1727_faststa%CC%88lld_utbildningsplan_N1SOF_220616_eng%5B2%5D.pdf" failed regex validation
2025-07-23 16:21:39.514685 - URL "https://www.gu.se/sites/default/files/2023-09/GU2023-1727_faststa%CC%88lld_utbildningsplan_N1SOF_220616_eng%5B2%5D.pdf" failed regex validation
2025-07-23 16:21:48.607667 - URL "https://www.gu.se/sites/default/files/2023-09/GU2023-1727_faststa%CC%88lld_utbildningsplan_N1SOF_220616_eng%5B2%5D.pdf" failed regex validation
2025-07-23 16:21:54.299587 - URL https://studentportal.gu.se/en/programme/software-engineering-and-management-bachelors-programme is not a PDF (Content-Type: text/html; charset=utf-8)
2025-07-23 16:21:55.695564 - URL https://studentportal.gu.se/en/programme/software-engineering-and-management-bachelors-programme is not a PDF (Content-Type: text/html; charset=utf-8)
2025-07-23 16:22:02.092673 - URL https://studentportal.gu.se/en/programme/software-engineering-and-management-bachelors-programme is not a PDF (Content-Type: text/html; charset=utf-8)
2025-07-23 16:42:41.126275 - URL https://studentportal.gu.se/en/programme/software-engineering-and-management-bachelors-programme is not a PDF (Content-Type: text/html; charset=utf-8)
2025-07-23 16:42:45.368312 - URL https://studentportal.gu.se/en/programme/software-engineering-and-management-bachelors-programme is not a PDF (Content-Type: text/html; charset=utf-8)
2025-07-23 16:42:46.377443 - URL https://studentportal.gu.se/en/programme/software-engineering-and-management-bachelors-programme is not a PDF (Content-Type: text/html; charset=utf-8)
2025-07-23 16:42:53.384304 - URL https://studentportal.gu.se/en/programme/software-engineering-and-management-bachelors-programme is not a PDF (Content-Type: text/html; charset=utf-8)
2025-07-24 00:35:13.720373 - URL https://studentportal.gu.se/en/programme/software-engineering-and-management-bachelors-programme is not a PDF (Content-Type: text/html; charset=utf-8)
2025-07-24 00:35:27.237459 - URL https://studentportal.gu.se/en/programme/software-engineering-and-management-bachelors-programme is not a PDF (Content-Type: text/html; charset=utf-8)
2025-07-24 00:35:35.898899 - URL https://studentportal.gu.se/en/programme/software-engineering-and-management-bachelors-programme is not a PDF (Content-Type: text/html; charset=utf-8)
2025-07-24 00:39:04.899534 - URL https://studentportal.gu.se/en/programme/software-engineering-and-management-bachelors-programme is not a PDF (Content-Type: text/html; charset=utf-8)
2025-07-24 00:39:05.964315 - URL https://studentportal.gu.se/en/programme/software-engineering-and-management-bachelors-programme is not a PDF (Content-Type: text/html; charset=utf-8)
2025-07-24 00:39:12.360563 - URL https://studentportal.gu.se/en/programme/software-engineering-and-management-bachelors-programme is not a PDF (Content-Type: text/html; charset=utf-8)
2025-07-24 00:41:13.192278 - URL https://www.gu.se/en/study-gothenburg/software-engineering-and-management-bachelors-programme-n1sof is not a PDF (Content-Type: text/html; charset=utf-8)
2025-07-24 00:41:14.756827 - URL https://www.gu.se/en/study-gothenburg/software-engineering-and-management-bachelors-programme-n1sof is not a PDF (Content-Type: text/html; charset=utf-8)
2025-07-24 00:41:21.237266 - URL https://www.gu.se/en/study-gothenburg/software-engineering-and-management-bachelors-programme-n1sof is not a PDF (Content-Type: text/html; charset=utf-8)
2025-07-24 00:43:15.416119 - URL https://www.gu.se/en/study-gothenburg/software-engineering-and-management-bachelors-programme-n1sof is not a PDF (Content-Type: text/html; charset=utf-8)
2025-07-24 00:43:16.759595 - URL https://www.gu.se/en/study-gothenburg/software-engineering-and-management-bachelors-programme-n1sof is not a PDF (Content-Type: text/html; charset=utf-8)
2025-07-24 00:43:23.313248 - URL https://www.gu.se/en/study-gothenburg/software-engineering-and-management-bachelors-programme-n1sof is not a PDF (Content-Type: text/html; charset=utf-8)
2025-07-24 00:45:09.335624 - URL https://www.gu.se/en/study-gothenburg/software-engineering-and-management-bachelors-programme-n1sof is not a PDF (Content-Type: text/html; charset=utf-8)
2025-07-24 00:45:10.949818 - URL https://www.gu.se/en/study-gothenburg/software-engineering-and-management-bachelors-programme-n1sof is not a PDF (Content-Type: text/html; charset=utf-8)
2025-07-24 00:45:17.814675 - URL https://www.gu.se/en/study-gothenburg/software-engineering-and-management-bachelors-programme-n1sof is not a PDF (Content-Type: text/html; charset=utf-8)
2025-07-24 00:48:56.337253 - URL https://studentportal.gu.se/en/programme/software-engineering-and-management-bachelors-programme is not a PDF (Content-Type: text/html; charset=utf-8)
2025-07-24 00:48:57.656922 - URL https://studentportal.gu.se/en/programme/software-engineering-and-management-bachelors-programme is not a PDF (Content-Type: text/html; charset=utf-8)
2025-07-24 00:49:03.960261 - URL https://studentportal.gu.se/en/programme/software-engineering-and-management-bachelors-programme is not a PDF (Content-Type: text/html; charset=utf-8)
2025-07-24 00:51:16.354876 - URL https://studentportal.gu.se/en/programme/software-engineering-and-management-bachelors-programme is not a PDF (Content-Type: text/html; charset=utf-8)
2025-07-24 00:51:18.076979 - URL https://studentportal.gu.se/en/programme/software-engineering-and-management-bachelors-programme is not a PDF (Content-Type: text/html; charset=utf-8)
2025-07-24 00:51:24.405624 - URL https://studentportal.gu.se/en/programme/software-engineering-and-management-bachelors-programme is not a PDF (Content-Type: text/html; charset=utf-8)
2025-07-24 00:52:15.645328 - Docling failed for https://www.gu.se/sites/default/files/2023-09/GU2023-1727_faststa%CC%88lld_utbildningsplan_N1SOF_220616_eng%5B2%5D.pdf: DocumentConverter.__init__() got an unexpected keyword argument 'ocr'
Traceback (most recent call last):
  File "C:\Users\power\OneDrive\Skrivbord\text2jsonl\utils.py", line 224, in fetch_pdf_text
    converter = DocumentConverter(ocr=True)
                ^^^^^^^^^^^^^^^^^^^^^^^^^^^
TypeError: DocumentConverter.__init__() got an unexpected keyword argument 'ocr'

2025-07-24 10:48:25.515853 - URL https://www.gu.se/en/study-gothenburg/software-engineering-and-management-bachelors-programme-n1sof is not a PDF (Content-Type: text/html; charset=utf-8)
2025-07-24 10:48:26.548675 - URL https://www.gu.se/en/study-gothenburg/software-engineering-and-management-bachelors-programme-n1sof is not a PDF (Content-Type: text/html; charset=utf-8)
2025-07-24 10:48:34.117792 - URL https://www.gu.se/en/study-gothenburg/software-engineering-and-management-bachelors-programme-n1sof is not a PDF (Content-Type: text/html; charset=utf-8)
